<?xml version="1.0" encoding="UTF-8"?>
<!-- Generated by org.testng.reporters.JUnitXMLReporter -->
<testsuite ignored="0" hostname="DESKTOP-N8BIK59" failures="0" tests="1" name="Testing on chrome" time="0.067" errors="0" timestamp="2025-06-13T02:45:13 IST">
  <testcase classname="Amazon_pacakge.Amazon_project.BaseclassTest" name="@BeforeMethod login_in" time="-1.749762913775E9">
    <failure type="org.testng.TestNGException" message="
Can inject only one of &amp;lt;ITestContext, XmlTest, Method, Object[], ITestResult&amp;gt; into a @BeforeMethod annotated login_in.
For more information on native dependency injection please refer to https://testng.org/#_dependency_injection">
      <![CDATA[org.testng.TestNGException: 
Can inject only one of <ITestContext, XmlTest, Method, Object[], ITestResult> into a @BeforeMethod annotated login_in.
For more information on native dependency injection please refer to https://testng.org/#_dependency_injection
at java.base/java.util.ArrayList.forEach(ArrayList.java:1596)
... Removed 28 stack frames]]>
    </failure>
  </testcase> <!-- @BeforeMethod login_in -->
  <testcase classname="Amazon_pacakge.Amazon_project.BaseclassTest" name="@AfterMethod log_out" time="0.0">
    <skipped/>
  </testcase> <!-- @AfterMethod log_out -->
  <testcase classname="Amazon_pacakge.Amazon_project.Test_1_Execution" name="loginsuccesful" time="0.001">
    <skipped/>
  </testcase> <!-- loginsuccesful -->
</testsuite> <!-- Testing on chrome -->
