<?xml version="1.0" encoding="UTF-8"?>
<!-- Generated by org.testng.reporters.JUnitXMLReporter -->
<testsuite ignored="0" hostname="DESKTOP-N8BIK59" failures="0" tests="8" name="Test" time="173.268" errors="0" timestamp="2025-06-24T11:33:33 IST">
  <testcase classname="Amazon_pacakge.Amazon_project.Test_4_Execution_Editprofile" name="editprofile" time="13.947"/>
  <testcase classname="Amazon_pacakge.Amazon_project.Test_5_Execution_searchingproduct" name="addtocart" time="12.263"/>
  <testcase classname="Amazon_pacakge.Amazon_project.Test_11_Execution_addpayment" name="addpayment" time="20.331"/>
  <testcase classname="Amazon_pacakge.Amazon_project.Test_1_Execution" name="loginsuccesful" time="8.399"/>
  <testcase classname="Amazon_pacakge.Amazon_project.Tase_9_Execution_Addtocart" name="addtocart" time="16.867"/>
  <testcase classname="Amazon_pacakge.Amazon_project.Test_2_Execution" name="sucsessfulloginwithrightdetails" time="6.357"/>
  <testcase classname="Amazon_pacakge.Amazon_project.Test_15_addtocartwithoutlogin" name="addtocartnologin" time="9.238"/>
  <testcase classname="Amazon_pacakge.Amazon_project.Test_10_Exectuion" name="addtocart" time="18.531"/>
</testsuite> <!-- Test -->
