<?xml version="1.0" encoding="UTF-8"?>
<!-- Generated by org.testng.reporters.JUnitXMLReporter -->
<testsuite ignored="0" hostname="DESKTOP-N8BIK59" failures="0" tests="3" name="Test1" time="38.875" errors="0" timestamp="2025-06-13T14:48:25 IST">
  <testcase classname="Amazon_pacakge.Amazon_project.Test_4_Execution_Editprofile" name="editprofile" time="0.077">
    <skipped/>
  </testcase> <!-- editprofile -->
  <testcase classname="Amazon_pacakge.Amazon_project.Test_4_Execution_Editprofile" name="editprofile" time="9.738"/>
  <testcase classname="Amazon_pacakge.Amazon_project.Test_2_Execution" name="sucsessfulloginwithrightdetails" time="6.87"/>
</testsuite> <!-- Test1 -->
