<?xml version="1.0" encoding="UTF-8"?>
<!-- Generated by org.testng.reporters.JUnitXMLReporter -->
<testsuite ignored="0" hostname="DESKTOP-N8BIK59" failures="0" tests="2" name="Test2" time="28.003" errors="0" timestamp="2025-06-13T14:48:53 IST">
  <testcase classname="Amazon_pacakge.Amazon_project.Test_4_Execution_Editprofile" name="editprofile" time="10.255"/>
  <testcase classname="Amazon_pacakge.Amazon_project.Test_2_Execution" name="sucsessfulloginwithrightdetails" time="6.439"/>
</testsuite> <!-- Test2 -->
