<?xml version="1.0" encoding="UTF-8"?>
<!-- Generated by org.testng.reporters.JUnitXMLReporter -->
<testsuite ignored="0" hostname="DESKTOP-N8BIK59" failures="0" tests="3" name="Test" time="61.44" errors="0" timestamp="2025-06-24T12:06:28 IST">
  <testcase classname="Amazon_pacakge.Amazon_project.Test_5_Execution_searchingproduct" name="addtocart" time="13.996"/>
  <testcase classname="Amazon_pacakge.Amazon_project.Test_1_Execution" name="loginsuccesful" time="7.956"/>
  <testcase classname="Amazon_pacakge.Amazon_project.Test_15_addtocartwithoutlogin" name="addtocartnologin" time="11.944"/>
</testsuite> <!-- Test -->
