<?xml version="1.0" encoding="UTF-8"?>
<testng-results ignored="0" total="3" passed="3" failed="0" skipped="0">
  <reporter-output>
    <line>
      <![CDATA[Successfully done to account]]>
    </line>
    <line>
      <![CDATA[successful done step 3]]>
    </line>
    <line>
      <![CDATA[Successful signin1]]>
    </line>
    <line>
      <![CDATA[Enter the username]]>
    </line>
    <line>
      <![CDATA[Cliking continue]]>
    </line>
    <line>
      <![CDATA[Entering password]]>
    </line>
    <line>
      <![CDATA[Successful login in]]>
    </line>
    <line>
      <![CDATA[Successfully close]]>
    </line>
    <line>
      <![CDATA[Successfully done to account]]>
    </line>
    <line>
      <![CDATA[successful done step 3]]>
    </line>
    <line>
      <![CDATA[signin new user]]>
    </line>
    <line>
      <![CDATA[Enter the username]]>
    </line>
    <line>
      <![CDATA[Cliking continue]]>
    </line>
    <line>
      <![CDATA[Entering password]]>
    </line>
    <line>
      <![CDATA[Successful login in]]>
    </line>
    <line>
      <![CDATA[Successfully close]]>
    </line>
    <line>
      <![CDATA[Successfully done to account]]>
    </line>
    <line>
      <![CDATA[Successfully close]]>
    </line>
  </reporter-output>
  <suite started-at="2025-06-24T12:05:26 IST" name="Suite" finished-at="2025-06-24T12:06:28 IST" duration-ms="61440">
    <groups>
    </groups>
    <test started-at="2025-06-24T12:05:26 IST" name="Test" finished-at="2025-06-24T12:06:28 IST" duration-ms="61440">
      <class name="Amazon_pacakge.Amazon_project.Test_15_addtocartwithoutlogin">
        <test-method is-config="true" signature="login_in()[pri:0, instance:Amazon_pacakge.Amazon_project.Test_15_addtocartwithoutlogin@dbf57b3]" started-at="2025-06-24T12:06:08 IST" name="login_in" finished-at="2025-06-24T12:06:15 IST" duration-ms="7633" status="PASS">
          <reporter-output>
            <line>
              <![CDATA[Successfully done to account]]>
            </line>
          </reporter-output>
        </test-method> <!-- login_in -->
        <test-method signature="addtocartnologin()[pri:0, instance:Amazon_pacakge.Amazon_project.Test_15_addtocartwithoutlogin@dbf57b3]" started-at="2025-06-24T12:06:15 IST" name="addtocartnologin" finished-at="2025-06-24T12:06:27 IST" duration-ms="11944" status="PASS">
          <reporter-output>
          </reporter-output>
        </test-method> <!-- addtocartnologin -->
        <test-method is-config="true" signature="log_out()[pri:0, instance:Amazon_pacakge.Amazon_project.Test_15_addtocartwithoutlogin@dbf57b3]" started-at="2025-06-24T12:06:27 IST" name="log_out" finished-at="2025-06-24T12:06:28 IST" duration-ms="151" status="PASS">
          <reporter-output>
            <line>
              <![CDATA[Successfully close]]>
            </line>
          </reporter-output>
        </test-method> <!-- log_out -->
      </class> <!-- Amazon_pacakge.Amazon_project.Test_15_addtocartwithoutlogin -->
      <class name="Amazon_pacakge.Amazon_project.Test_5_Execution_searchingproduct">
        <test-method is-config="true" signature="login_in()[pri:0, instance:Amazon_pacakge.Amazon_project.Test_5_Execution_searchingproduct@3d74bf60]" started-at="2025-06-24T12:05:26 IST" name="login_in" finished-at="2025-06-24T12:05:37 IST" duration-ms="11139" status="PASS">
          <reporter-output>
            <line>
              <![CDATA[Successfully done to account]]>
            </line>
          </reporter-output>
        </test-method> <!-- login_in -->
        <test-method signature="addtocart()[pri:0, instance:Amazon_pacakge.Amazon_project.Test_5_Execution_searchingproduct@3d74bf60]" started-at="2025-06-24T12:05:37 IST" name="addtocart" finished-at="2025-06-24T12:05:51 IST" duration-ms="13996" status="PASS">
          <reporter-output>
            <line>
              <![CDATA[successful done step 3]]>
            </line>
            <line>
              <![CDATA[Successful signin1]]>
            </line>
            <line>
              <![CDATA[Enter the username]]>
            </line>
            <line>
              <![CDATA[Cliking continue]]>
            </line>
            <line>
              <![CDATA[Entering password]]>
            </line>
            <line>
              <![CDATA[Successful login in]]>
            </line>
          </reporter-output>
        </test-method> <!-- addtocart -->
        <test-method is-config="true" signature="log_out()[pri:0, instance:Amazon_pacakge.Amazon_project.Test_5_Execution_searchingproduct@3d74bf60]" started-at="2025-06-24T12:05:52 IST" name="log_out" finished-at="2025-06-24T12:05:52 IST" duration-ms="195" status="PASS">
          <reporter-output>
            <line>
              <![CDATA[Successfully close]]>
            </line>
          </reporter-output>
        </test-method> <!-- log_out -->
      </class> <!-- Amazon_pacakge.Amazon_project.Test_5_Execution_searchingproduct -->
      <class name="Amazon_pacakge.Amazon_project.Test_1_Execution">
        <test-method is-config="true" signature="login_in()[pri:0, instance:Amazon_pacakge.Amazon_project.Test_1_Execution@123ef382]" started-at="2025-06-24T12:05:52 IST" name="login_in" finished-at="2025-06-24T12:05:59 IST" duration-ms="7548" status="PASS">
          <reporter-output>
            <line>
              <![CDATA[Successfully done to account]]>
            </line>
          </reporter-output>
        </test-method> <!-- login_in -->
        <test-method signature="loginsuccesful()[pri:0, instance:Amazon_pacakge.Amazon_project.Test_1_Execution@123ef382]" started-at="2025-06-24T12:05:59 IST" name="loginsuccesful" finished-at="2025-06-24T12:06:07 IST" duration-ms="7956" status="PASS">
          <reporter-output>
            <line>
              <![CDATA[successful done step 3]]>
            </line>
            <line>
              <![CDATA[signin new user]]>
            </line>
            <line>
              <![CDATA[Enter the username]]>
            </line>
            <line>
              <![CDATA[Cliking continue]]>
            </line>
            <line>
              <![CDATA[Entering password]]>
            </line>
            <line>
              <![CDATA[Successful login in]]>
            </line>
          </reporter-output>
        </test-method> <!-- loginsuccesful -->
        <test-method is-config="true" signature="log_out()[pri:0, instance:Amazon_pacakge.Amazon_project.Test_1_Execution@123ef382]" started-at="2025-06-24T12:06:08 IST" name="log_out" finished-at="2025-06-24T12:06:08 IST" duration-ms="208" status="PASS">
          <reporter-output>
            <line>
              <![CDATA[Successfully close]]>
            </line>
          </reporter-output>
        </test-method> <!-- log_out -->
      </class> <!-- Amazon_pacakge.Amazon_project.Test_1_Execution -->
    </test> <!-- Test -->
  </suite> <!-- Suite -->
</testng-results>
