<?xml version="1.0" encoding="UTF-8"?>
<!-- Generated by org.testng.reporters.JUnitXMLReporter -->
<testsuite ignored="0" hostname="DESKTOP-N8BIK59" failures="1" tests="1" name="Test1Test" time="0.132" errors="0" timestamp="2025-06-13T20:34:31 IST">
  <testcase classname="Amazon_pacakge.Amazon_project.Test_1_Execution" name="loginsuccesful" time="0.0">
    <failure type="org.testng.TestNGException" message="
Method public void Amazon_pacakge.Amazon_project.Test_1_Execution.loginsuccesful(java.lang.String,java.lang.String) throws java.lang.InterruptedException,org.apache.poi.EncryptedDocumentException,java.io.IOException requires a @DataProvider named : data">
      <![CDATA[org.testng.TestNGException: 
Method public void Amazon_pacakge.Amazon_project.Test_1_Execution.loginsuccesful(java.lang.String,java.lang.String) throws java.lang.InterruptedException,org.apache.poi.EncryptedDocumentException,java.io.IOException requires a @DataProvider named : data
at java.base/java.util.concurrent.Executors$RunnableAdapter.call(Executors.java:539)
at java.base/java.util.concurrent.FutureTask.run(FutureTask.java:264)
at java.base/java.util.concurrent.ThreadPoolExecutor.runWorker(ThreadPoolExecutor.java:1136)
at java.base/java.util.concurrent.ThreadPoolExecutor$Worker.run(ThreadPoolExecutor.java:635)
at java.base/java.lang.Thread.run(Thread.java:842)
... Removed 10 stack frames]]>
    </failure>
  </testcase> <!-- loginsuccesful -->
</testsuite> <!-- Test1Test -->
